0 info it worked if it ends with ok
1 verbose cli [ '/Users/julaud/.nvm/versions/node/v5.10.1/bin/node',
1 verbose cli   '/Users/julaud/.nvm/versions/node/v5.10.1/bin/npm',
1 verbose cli   'i',
1 verbose cli   'mesg' ]
2 info using npm@3.8.3
3 info using node@v5.10.1
4 silly loadCurrentTree Starting
5 silly install loadCurrentTree
6 silly install readLocalPackageData
7 silly fetchPackageMetaData mesg
8 silly fetchNamedPackageData mesg
9 silly mapToRegistry name mesg
10 silly mapToRegistry using default registry
11 silly mapToRegistry registry https://registry.npmjs.org/
12 silly mapToRegistry data Result {
12 silly mapToRegistry   raw: 'mesg',
12 silly mapToRegistry   scope: null,
12 silly mapToRegistry   name: 'mesg',
12 silly mapToRegistry   rawSpec: '',
12 silly mapToRegistry   spec: 'latest',
12 silly mapToRegistry   type: 'tag' }
13 silly mapToRegistry uri https://registry.npmjs.org/mesg
14 verbose request uri https://registry.npmjs.org/mesg
15 verbose request no auth needed
16 info attempt registry request try #1 at 11:01:50
17 verbose request using bearer token for auth
18 verbose request id 628932279e2745d8
19 http request GET https://registry.npmjs.org/mesg
20 http 200 https://registry.npmjs.org/mesg
21 verbose headers { server: 'CouchDB/1.5.0 (Erlang OTP/R16B03)',
21 verbose headers   etag: '"DA2WGWRX4HJKYOFSOTVWNK498"',
21 verbose headers   'content-type': 'application/json',
21 verbose headers   'content-encoding': 'gzip',
21 verbose headers   'cache-control': 'max-age=300',
21 verbose headers   'transfer-encoding': 'chunked',
21 verbose headers   'accept-ranges': 'bytes',
21 verbose headers   date: 'Thu, 19 May 2016 03:01:47 GMT',
21 verbose headers   via: '1.1 varnish',
21 verbose headers   connection: 'keep-alive',
21 verbose headers   'x-served-by': 'cache-sin6921-SIN',
21 verbose headers   'x-cache': 'MISS',
21 verbose headers   'x-cache-hits': '0',
21 verbose headers   'x-timer': 'S1463626906.756314,VS0,VE979',
21 verbose headers   vary: 'Accept-Encoding' }
22 silly get cb [ 200,
22 silly get   { server: 'CouchDB/1.5.0 (Erlang OTP/R16B03)',
22 silly get     etag: '"DA2WGWRX4HJKYOFSOTVWNK498"',
22 silly get     'content-type': 'application/json',
22 silly get     'content-encoding': 'gzip',
22 silly get     'cache-control': 'max-age=300',
22 silly get     'transfer-encoding': 'chunked',
22 silly get     'accept-ranges': 'bytes',
22 silly get     date: 'Thu, 19 May 2016 03:01:47 GMT',
22 silly get     via: '1.1 varnish',
22 silly get     connection: 'keep-alive',
22 silly get     'x-served-by': 'cache-sin6921-SIN',
22 silly get     'x-cache': 'MISS',
22 silly get     'x-cache-hits': '0',
22 silly get     'x-timer': 'S1463626906.756314,VS0,VE979',
22 silly get     vary: 'Accept-Encoding' } ]
23 verbose get saving mesg to /Users/julaud/.npm/registry.npmjs.org/mesg/.cache.json
24 verbose correctMkdir /Users/julaud/.npm correctMkdir not in flight; initializing
25 silly install normalizeTree
26 silly loadCurrentTree Finishing
27 silly loadIdealTree Starting
28 silly install loadIdealTree
29 silly cloneCurrentTree Starting
30 silly install cloneCurrentTreeToIdealTree
31 silly cloneCurrentTree Finishing
32 silly loadShrinkwrap Starting
33 silly install loadShrinkwrap
34 silly loadShrinkwrap Finishing
35 silly loadAllDepsIntoIdealTree Starting
36 silly install loadAllDepsIntoIdealTree
37 silly rollbackFailedOptional Starting
38 silly rollbackFailedOptional Finishing
39 silly runTopLevelLifecycles Starting
40 silly runTopLevelLifecycles Finishing
41 silly install printInstalled
42 verbose stack Error: Refusing to install mesg as a dependency of itself
42 verbose stack     at checkSelf (/Users/julaud/.nvm/versions/node/v5.10.1/lib/node_modules/npm/lib/install/validate-args.js:53:14)
42 verbose stack     at Array.<anonymous> (/Users/julaud/.nvm/versions/node/v5.10.1/lib/node_modules/npm/node_modules/slide/lib/bind-actor.js:15:8)
42 verbose stack     at LOOP (/Users/julaud/.nvm/versions/node/v5.10.1/lib/node_modules/npm/node_modules/slide/lib/chain.js:15:14)
42 verbose stack     at chain (/Users/julaud/.nvm/versions/node/v5.10.1/lib/node_modules/npm/node_modules/slide/lib/chain.js:20:5)
42 verbose stack     at /Users/julaud/.nvm/versions/node/v5.10.1/lib/node_modules/npm/lib/install/validate-args.js:16:5
42 verbose stack     at /Users/julaud/.nvm/versions/node/v5.10.1/lib/node_modules/npm/node_modules/slide/lib/async-map.js:52:35
42 verbose stack     at Array.forEach (native)
42 verbose stack     at /Users/julaud/.nvm/versions/node/v5.10.1/lib/node_modules/npm/node_modules/slide/lib/async-map.js:52:11
42 verbose stack     at Array.forEach (native)
42 verbose stack     at asyncMap (/Users/julaud/.nvm/versions/node/v5.10.1/lib/node_modules/npm/node_modules/slide/lib/async-map.js:51:8)
43 verbose cwd /Users/julaud/www/Frontend/javascript/mesg/mesgjs
44 error Darwin 15.4.0
45 error argv "/Users/julaud/.nvm/versions/node/v5.10.1/bin/node" "/Users/julaud/.nvm/versions/node/v5.10.1/bin/npm" "i" "mesg"
46 error node v5.10.1
47 error npm  v3.8.3
48 error code ENOSELF
49 error Refusing to install mesg as a dependency of itself
50 error If you need help, you may report this error at:
50 error     <https://github.com/npm/npm/issues>
51 verbose exit [ 1, true ]
